Animation_Test_001_BackUP/Library/PramData/AndroidApplicationController/Cache/com.Ward_12C.Animation_Test_001/gradle-project/launcher/build/intermediates/manifest_merge_blame_file/debug/manifest-merger-blame-debug-report.txt
1<?xml version="1.0" encoding="utf-8"?>
2<manifest xmlns:android="http://schemas.android.com/apk/res/android"
3    package="com.Ward_12C.Animation_Test_001"
4    android:installLocation="auto"
5    android:versionCode="1"
6    android:versionName="0.1" >
7
8    <uses-sdk
9        android:minSdkVersion="29"
9-->src\main\AndroidManifest.xml
10        android:targetSdkVersion="30" />
10-->src\main\AndroidManifest.xml
11
12    <supports-screens
12-->src\main\AndroidManifest.xml:3:3-163
13        android:anyDensity="true"
13-->src\main\AndroidManifest.xml:3:135-160
14        android:largeScreens="true"
14-->src\main\AndroidManifest.xml:3:78-105
15        android:normalScreens="true"
15-->src\main\AndroidManifest.xml:3:49-77
16        android:smallScreens="true"
16-->src\main\AndroidManifest.xml:3:21-48
17        android:xlargeScreens="true" />
17-->src\main\AndroidManifest.xml:3:106-134
18
19    <uses-feature
19-->[:unityLibrary] AndroidManifest.xml:12:5-15:31
20        android:name="android.hardware.vr.headtracking"
20-->[:unityLibrary] AndroidManifest.xml:13:9-56
21        android:required="true"
21-->[:unityLibrary] AndroidManifest.xml:14:9-32
22        android:version="1" />
22-->[:unityLibrary] AndroidManifest.xml:15:9-28
23    <uses-feature android:glEsVersion="0x00020000" />
23-->[:unityLibrary] AndroidManifest.xml:16:5-54
23-->[:unityLibrary] AndroidManifest.xml:16:19-51
24    <uses-feature android:name="android.hardware.vulkan.version" />
24-->[:unityLibrary] AndroidManifest.xml:17:5-68
24-->[:unityLibrary] AndroidManifest.xml:17:19-65
25
26    <uses-permission android:name="android.permission.INTERNET" />
26-->[:unityLibrary] AndroidManifest.xml:19:5-67
26-->[:unityLibrary] AndroidManifest.xml:19:22-64
27    <uses-permission android:name="android.permission.ACCESS_NETWORK_STATE" />
27-->[:unityLibrary] AndroidManifest.xml:20:5-79
27-->[:unityLibrary] AndroidManifest.xml:20:22-76
28    <uses-permission android:name="android.permission.RECORD_AUDIO" />
28-->[:unityLibrary] AndroidManifest.xml:21:5-71
28-->[:unityLibrary] AndroidManifest.xml:21:22-68
29    <uses-permission android:name="android.permission.MODIFY_AUDIO_SETTINGS" />
29-->[:unityLibrary] AndroidManifest.xml:22:5-80
29-->[:unityLibrary] AndroidManifest.xml:22:22-77
30
31    <uses-feature
31-->[:unityLibrary] AndroidManifest.xml:24:5-26:36
32        android:name="android.hardware.microphone"
32-->[:unityLibrary] AndroidManifest.xml:25:9-51
33        android:required="false" />
33-->[:unityLibrary] AndroidManifest.xml:26:9-33
34    <uses-feature
34-->[:unityLibrary] AndroidManifest.xml:27:5-29:36
35        android:name="android.hardware.touchscreen"
35-->[:unityLibrary] AndroidManifest.xml:28:9-52
36        android:required="false" />
36-->[:unityLibrary] AndroidManifest.xml:29:9-33
37    <uses-feature
37-->[:unityLibrary] AndroidManifest.xml:30:5-32:36
38        android:name="android.hardware.touchscreen.multitouch"
38-->[:unityLibrary] AndroidManifest.xml:31:9-63
39        android:required="false" />
39-->[:unityLibrary] AndroidManifest.xml:32:9-33
40    <uses-feature
40-->[:unityLibrary] AndroidManifest.xml:33:5-35:36
41        android:name="android.hardware.touchscreen.multitouch.distinct"
41-->[:unityLibrary] AndroidManifest.xml:34:9-72
42        android:required="false" />
42-->[:unityLibrary] AndroidManifest.xml:35:9-33
43
44    <application
44-->src\main\AndroidManifest.xml:4:3-83
45        android:allowBackup="false"
45-->[:unityLibrary] AndroidManifest.xml:38:9-36
46        android:debuggable="true"
47        android:extractNativeLibs="true"
47-->[:unityLibrary] AndroidManifest.xml:39:9-41
48        android:icon="@mipmap/app_icon"
48-->src\main\AndroidManifest.xml:4:49-80
49        android:label="@string/app_name"
49-->src\main\AndroidManifest.xml:4:16-48
50        android:networkSecurityConfig="@xml/network_sec_config" >
50-->[:unityLibrary] AndroidManifest.xml:42:9-64
51        <activity
51-->[:unityLibrary] AndroidManifest.xml:43:9-65:20
52            android:name="com.unity3d.player.UnityPlayerActivity"
52-->[:unityLibrary] AndroidManifest.xml:44:13-66
53            android:configChanges="keyboard|keyboardHidden|navigation|orientation|screenLayout|screenSize|uiMode|density"
53-->[:unityLibrary] AndroidManifest.xml:45:13-122
54            android:excludeFromRecents="true"
54-->[:unityLibrary] AndroidManifest.xml:46:13-46
55            android:hardwareAccelerated="false"
55-->[:unityLibrary] AndroidManifest.xml:47:13-48
56            android:launchMode="singleTask"
56-->[:unityLibrary] AndroidManifest.xml:48:13-44
57            android:resizeableActivity="false"
57-->[:unityLibrary] AndroidManifest.xml:49:13-47
58            android:screenOrientation="landscape"
58-->[:unityLibrary] AndroidManifest.xml:50:13-50
59            android:theme="@android:style/Theme.Black.NoTitleBar.Fullscreen" >
59-->[:unityLibrary] AndroidManifest.xml:51:13-77
60            <intent-filter>
60-->[:unityLibrary] AndroidManifest.xml:52:13-57:29
61                <action android:name="android.intent.action.MAIN" />
61-->[:unityLibrary] AndroidManifest.xml:53:17-69
61-->[:unityLibrary] AndroidManifest.xml:53:25-66
62
63                <category android:name="android.intent.category.LAUNCHER" />
63-->[:unityLibrary] AndroidManifest.xml:55:17-77
63-->[:unityLibrary] AndroidManifest.xml:55:27-74
64                <category android:name="com.oculus.intent.category.VR" />
64-->[:unityLibrary] AndroidManifest.xml:56:17-74
64-->[:unityLibrary] AndroidManifest.xml:56:27-71
65            </intent-filter>
66
67            <meta-data
67-->[:unityLibrary] AndroidManifest.xml:59:13-61:40
68                android:name="android.notch_support"
68-->[:unityLibrary] AndroidManifest.xml:60:17-53
69                android:value="true" />
69-->[:unityLibrary] AndroidManifest.xml:61:17-37
70            <meta-data
70-->[:unityLibrary] AndroidManifest.xml:62:13-64:40
71                android:name="com.oculus.vr.focusaware"
71-->[:unityLibrary] AndroidManifest.xml:63:17-56
72                android:value="true" />
72-->[:unityLibrary] AndroidManifest.xml:64:17-37
73        </activity>
74
75        <meta-data
75-->[:unityLibrary] AndroidManifest.xml:67:9-69:37
76            android:name="unityplayer.SkipPermissionsDialog"
76-->[:unityLibrary] AndroidManifest.xml:68:13-61
77            android:value="false" />
77-->[:unityLibrary] AndroidManifest.xml:69:13-34
78        <meta-data
78-->[:unityLibrary] AndroidManifest.xml:70:9-72:39
79            android:name="com.samsung.android.vr.application.mode"
79-->[:unityLibrary] AndroidManifest.xml:71:13-67
80            android:value="vr_only" />
80-->[:unityLibrary] AndroidManifest.xml:72:13-36
81        <meta-data
81-->[:unityLibrary] AndroidManifest.xml:73:9-75:33
82            android:name="unity.splash-mode"
82-->[:unityLibrary] AndroidManifest.xml:74:13-45
83            android:value="0" />
83-->[:unityLibrary] AndroidManifest.xml:75:13-30
84        <meta-data
84-->[:unityLibrary] AndroidManifest.xml:76:9-78:36
85            android:name="unity.splash-enable"
85-->[:unityLibrary] AndroidManifest.xml:77:13-47
86            android:value="True" />
86-->[:unityLibrary] AndroidManifest.xml:78:13-33
87        <meta-data
87-->[:unityLibrary] AndroidManifest.xml:79:9-81:36
88            android:name="unity.launch-fullscreen"
88-->[:unityLibrary] AndroidManifest.xml:80:13-51
89            android:value="True" />
89-->[:unityLibrary] AndroidManifest.xml:81:13-33
90        <meta-data
90-->[:unityLibrary] AndroidManifest.xml:82:9-84:37
91            android:name="unity.allow-resizable-window"
91-->[:unityLibrary] AndroidManifest.xml:83:13-56
92            android:value="False" />
92-->[:unityLibrary] AndroidManifest.xml:84:13-34
93        <meta-data
93-->[:unityLibrary] AndroidManifest.xml:85:9-87:50
94            android:name="notch.config"
94-->[:unityLibrary] AndroidManifest.xml:86:13-40
95            android:value="portrait|landscape" />
95-->[:unityLibrary] AndroidManifest.xml:87:13-47
96        <meta-data
96-->[:unityLibrary] AndroidManifest.xml:88:9-90:37
97            android:name="com.unity.xr.oculus.LowOverheadMode"
97-->[:unityLibrary] AndroidManifest.xml:89:13-63
98            android:value="false" />
98-->[:unityLibrary] AndroidManifest.xml:90:13-34
99        <meta-data
99-->[:unityLibrary] AndroidManifest.xml:91:9-93:37
100            android:name="com.unity.xr.oculus.LateLatching"
100-->[:unityLibrary] AndroidManifest.xml:92:13-60
101            android:value="false" />
101-->[:unityLibrary] AndroidManifest.xml:93:13-34
102        <meta-data
102-->[:unityLibrary] AndroidManifest.xml:94:9-96:37
103            android:name="com.unity.xr.oculus.LateLatchingDebug"
103-->[:unityLibrary] AndroidManifest.xml:95:13-65
104            android:value="false" />
104-->[:unityLibrary] AndroidManifest.xml:96:13-34
105        <meta-data
105-->[:unityLibrary] AndroidManifest.xml:97:9-99:44
106            android:name="com.oculus.supportedDevices"
106-->[:unityLibrary] AndroidManifest.xml:98:13-55
107            android:value="quest|quest2" />
107-->[:unityLibrary] AndroidManifest.xml:99:13-41
108    </application>
109
110</manifest>